To honour the JVM settings for this build a single-use Daemon process will be forked. For more on this, please refer to https://docs.gradle.org/8.11.1/userguide/gradle_daemon.html#sec:disabling_the_daemon in the Gradle documentation.
Daemon will be stopped at the end of the build 

> Configure project :app
WARNING: Using flatDir should be avoided because it doesn't support any meta-data formats.

> Configure project :capacitor-cordova-android-plugins
WARNING: Using flatDir should be avoided because it doesn't support any meta-data formats.

> Task :app:preBuild UP-TO-DATE
> Task :app:preDebugBuild UP-TO-DATE
> Task :app:mergeDebugNativeDebugMetadata NO-SOURCE
> Task :app:javaPreCompileDebug UP-TO-DATE
> Task :capacitor-android:preBuild UP-TO-DATE
> Task :capacitor-android:preDebugBuild UP-TO-DATE
> Task :capacitor-android:writeDebugAarMetadata UP-TO-DATE
> Task :capacitor-cordova-android-plugins:preBuild UP-TO-DATE
> Task :capacitor-cordova-android-plugins:preDebugBuild UP-TO-DATE
> Task :capacitor-geolocation:preBuild UP-TO-DATE
> Task :capacitor-geolocation:preDebugBuild UP-TO-DATE
> Task :capacitor-geolocation:writeDebugAarMetadata UP-TO-DATE
> Task :capgo-capacitor-pedometer:preBuild UP-TO-DATE
> Task :capgo-capacitor-pedometer:preDebugBuild UP-TO-DATE
> Task :capgo-capacitor-pedometer:writeDebugAarMetadata UP-TO-DATE
> Task :app:generateDebugResValues UP-TO-DATE
> Task :capacitor-android:generateDebugResValues UP-TO-DATE
> Task :capacitor-android:generateDebugResources UP-TO-DATE
> Task :capacitor-cordova-android-plugins:writeDebugAarMetadata
> Task :capacitor-android:packageDebugResources UP-TO-DATE
> Task :app:checkDebugAarMetadata UP-TO-DATE
> Task :capacitor-cordova-android-plugins:generateDebugResValues
> Task :capacitor-cordova-android-plugins:generateDebugResources
> Task :capacitor-cordova-android-plugins:packageDebugResources
> Task :capacitor-geolocation:generateDebugResValues UP-TO-DATE
> Task :capacitor-geolocation:generateDebugResources UP-TO-DATE
> Task :capacitor-geolocation:packageDebugResources UP-TO-DATE
> Task :capgo-capacitor-pedometer:generateDebugResValues UP-TO-DATE
> Task :capgo-capacitor-pedometer:generateDebugResources UP-TO-DATE
> Task :capgo-capacitor-pedometer:packageDebugResources UP-TO-DATE
> Task :app:mapDebugSourceSetPaths UP-TO-DATE
> Task :app:generateDebugResources UP-TO-DATE
> Task :app:mergeDebugResources UP-TO-DATE
> Task :app:packageDebugResources UP-TO-DATE
> Task :app:parseDebugLocalResources UP-TO-DATE
> Task :app:createDebugCompatibleScreenManifests UP-TO-DATE
> Task :app:extractDeepLinksDebug UP-TO-DATE
> Task :capacitor-android:extractDeepLinksDebug UP-TO-DATE
> Task :capacitor-android:processDebugManifest UP-TO-DATE
> Task :capacitor-cordova-android-plugins:extractDeepLinksDebug
> Task :capacitor-geolocation:extractDeepLinksDebug UP-TO-DATE
> Task :capacitor-geolocation:processDebugManifest UP-TO-DATE
> Task :capgo-capacitor-pedometer:extractDeepLinksDebug UP-TO-DATE
> Task :capgo-capacitor-pedometer:processDebugManifest UP-TO-DATE
> Task :capacitor-android:compileDebugLibraryResources UP-TO-DATE
> Task :capacitor-android:parseDebugLocalResources UP-TO-DATE
> Task :capacitor-android:generateDebugRFile UP-TO-DATE
> Task :capacitor-cordova-android-plugins:compileDebugLibraryResources
> Task :capacitor-geolocation:compileDebugLibraryResources UP-TO-DATE
> Task :capacitor-geolocation:parseDebugLocalResources UP-TO-DATE
> Task :capacitor-geolocation:generateDebugRFile UP-TO-DATE
> Task :capgo-capacitor-pedometer:compileDebugLibraryResources UP-TO-DATE
> Task :capgo-capacitor-pedometer:parseDebugLocalResources UP-TO-DATE
> Task :capgo-capacitor-pedometer:generateDebugRFile UP-TO-DATE
> Task :capacitor-android:javaPreCompileDebug UP-TO-DATE
> Task :capacitor-cordova-android-plugins:processDebugManifest
> Task :capacitor-cordova-android-plugins:parseDebugLocalResources
> Task :capacitor-android:compileDebugJavaWithJavac UP-TO-DATE
> Task :app:processDebugMainManifest UP-TO-DATE
> Task :app:processDebugManifest UP-TO-DATE
> Task :app:processDebugManifestForPackage UP-TO-DATE
> Task :capacitor-android:bundleLibCompileToJarDebug UP-TO-DATE
> Task :capacitor-geolocation:checkKotlinGradlePluginConfigurationErrors SKIPPED
> Task :capacitor-cordova-android-plugins:javaPreCompileDebug
> Task :capacitor-cordova-android-plugins:generateDebugRFile
> Task :capacitor-geolocation:compileDebugKotlin UP-TO-DATE
> Task :app:processDebugResources UP-TO-DATE
> Task :capacitor-cordova-android-plugins:compileDebugJavaWithJavac NO-SOURCE
> Task :capacitor-geolocation:javaPreCompileDebug UP-TO-DATE
> Task :capacitor-geolocation:compileDebugJavaWithJavac NO-SOURCE
> Task :capacitor-geolocation:bundleLibCompileToJarDebug UP-TO-DATE
> Task :capgo-capacitor-pedometer:javaPreCompileDebug UP-TO-DATE
> Task :capacitor-cordova-android-plugins:bundleLibCompileToJarDebug
> Task :capgo-capacitor-pedometer:compileDebugJavaWithJavac UP-TO-DATE
> Task :capgo-capacitor-pedometer:bundleLibCompileToJarDebug UP-TO-DATE
> Task :app:compileDebugJavaWithJavac UP-TO-DATE
> Task :app:mergeDebugShaders UP-TO-DATE
> Task :app:compileDebugShaders NO-SOURCE
> Task :app:generateDebugAssets UP-TO-DATE
> Task :capacitor-android:mergeDebugShaders UP-TO-DATE
> Task :capacitor-android:compileDebugShaders NO-SOURCE
> Task :capacitor-android:generateDebugAssets UP-TO-DATE
> Task :capacitor-android:packageDebugAssets UP-TO-DATE
> Task :capacitor-cordova-android-plugins:mergeDebugShaders
> Task :capacitor-cordova-android-plugins:compileDebugShaders NO-SOURCE
> Task :capacitor-cordova-android-plugins:generateDebugAssets UP-TO-DATE
> Task :capacitor-cordova-android-plugins:packageDebugAssets
> Task :capacitor-geolocation:mergeDebugShaders UP-TO-DATE
> Task :capacitor-geolocation:compileDebugShaders NO-SOURCE
> Task :capacitor-geolocation:generateDebugAssets UP-TO-DATE
> Task :capacitor-geolocation:packageDebugAssets UP-TO-DATE
> Task :capgo-capacitor-pedometer:mergeDebugShaders UP-TO-DATE
> Task :capgo-capacitor-pedometer:compileDebugShaders NO-SOURCE
> Task :capgo-capacitor-pedometer:generateDebugAssets UP-TO-DATE
> Task :capgo-capacitor-pedometer:packageDebugAssets UP-TO-DATE
> Task :app:mergeDebugAssets
> Task :capgo-capacitor-pedometer:bundleLibRuntimeToJarDebug UP-TO-DATE
> Task :capacitor-geolocation:bundleLibRuntimeToJarDebug UP-TO-DATE
> Task :capacitor-android:bundleLibRuntimeToJarDebug UP-TO-DATE
> Task :app:desugarDebugFileDependencies UP-TO-DATE
> Task :capacitor-cordova-android-plugins:bundleLibRuntimeToJarDebug
> Task :app:compressDebugAssets
> Task :app:dexBuilderDebug UP-TO-DATE
> Task :app:processDebugJavaRes NO-SOURCE
> Task :capacitor-android:processDebugJavaRes NO-SOURCE
> Task :capacitor-cordova-android-plugins:processDebugJavaRes NO-SOURCE
> Task :capacitor-geolocation:processDebugJavaRes UP-TO-DATE
> Task :capgo-capacitor-pedometer:processDebugJavaRes NO-SOURCE
> Task :app:mergeDebugJavaResource UP-TO-DATE
> Task :app:checkDebugDuplicateClasses UP-TO-DATE
> Task :app:mergeExtDexDebug UP-TO-DATE
> Task :app:mergeDebugGlobalSynthetics UP-TO-DATE
> Task :capgo-capacitor-pedometer:bundleLibRuntimeToDirDebug UP-TO-DATE
> Task :capacitor-geolocation:bundleLibRuntimeToDirDebug UP-TO-DATE
> Task :capacitor-android:bundleLibRuntimeToDirDebug UP-TO-DATE
> Task :capacitor-cordova-android-plugins:bundleLibRuntimeToDirDebug
> Task :app:mergeProjectDexDebug UP-TO-DATE
> Task :app:mergeDebugJniLibFolders UP-TO-DATE
> Task :capacitor-android:mergeDebugJniLibFolders UP-TO-DATE
> Task :capacitor-android:mergeDebugNativeLibs NO-SOURCE
> Task :capacitor-android:copyDebugJniLibsProjectOnly UP-TO-DATE
> Task :capacitor-cordova-android-plugins:mergeDebugJniLibFolders
> Task :capacitor-cordova-android-plugins:mergeDebugNativeLibs NO-SOURCE
> Task :capacitor-cordova-android-plugins:copyDebugJniLibsProjectOnly
> Task :capacitor-geolocation:mergeDebugJniLibFolders UP-TO-DATE
> Task :capacitor-geolocation:mergeDebugNativeLibs NO-SOURCE
> Task :capacitor-geolocation:copyDebugJniLibsProjectOnly UP-TO-DATE
> Task :app:mergeLibDexDebug UP-TO-DATE
> Task :capgo-capacitor-pedometer:mergeDebugJniLibFolders UP-TO-DATE
> Task :capgo-capacitor-pedometer:mergeDebugNativeLibs NO-SOURCE
> Task :capgo-capacitor-pedometer:copyDebugJniLibsProjectOnly UP-TO-DATE
> Task :app:mergeDebugNativeLibs NO-SOURCE
> Task :app:stripDebugDebugSymbols NO-SOURCE
> Task :app:validateSigningDebug UP-TO-DATE
> Task :app:writeDebugAppMetadata UP-TO-DATE
> Task :app:writeDebugSigningConfigVersions UP-TO-DATE
> Task :capacitor-android:stripDebugDebugSymbols NO-SOURCE
> Task :capacitor-android:copyDebugJniLibsProjectAndLocalJars UP-TO-DATE
> Task :capacitor-android:extractDebugAnnotations UP-TO-DATE
> Task :capacitor-android:extractDeepLinksForAarDebug UP-TO-DATE
> Task :capacitor-android:mergeDebugGeneratedProguardFiles UP-TO-DATE
> Task :capacitor-android:mergeDebugConsumerProguardFiles UP-TO-DATE
> Task :capacitor-android:prepareDebugArtProfile UP-TO-DATE
> Task :capacitor-android:prepareLintJarForPublish UP-TO-DATE
> Task :capacitor-android:mergeDebugJavaResource UP-TO-DATE
> Task :capacitor-android:syncDebugLibJars UP-TO-DATE
> Task :capacitor-android:bundleDebugAar UP-TO-DATE
> Task :capacitor-android:assembleDebug UP-TO-DATE
> Task :capacitor-cordova-android-plugins:stripDebugDebugSymbols NO-SOURCE
> Task :capacitor-cordova-android-plugins:copyDebugJniLibsProjectAndLocalJars
> Task :capacitor-cordova-android-plugins:extractDebugAnnotations
> Task :capacitor-cordova-android-plugins:extractDeepLinksForAarDebug UP-TO-DATE
> Task :capacitor-cordova-android-plugins:mergeDebugGeneratedProguardFiles UP-TO-DATE
> Task :capacitor-cordova-android-plugins:mergeDebugConsumerProguardFiles UP-TO-DATE
> Task :capacitor-cordova-android-plugins:prepareDebugArtProfile UP-TO-DATE
> Task :capacitor-cordova-android-plugins:prepareLintJarForPublish UP-TO-DATE
> Task :capacitor-geolocation:stripDebugDebugSymbols NO-SOURCE
> Task :capacitor-geolocation:copyDebugJniLibsProjectAndLocalJars UP-TO-DATE
> Task :capacitor-geolocation:extractDebugAnnotations UP-TO-DATE
> Task :capacitor-geolocation:extractDeepLinksForAarDebug UP-TO-DATE
> Task :capacitor-geolocation:mergeDebugGeneratedProguardFiles UP-TO-DATE
> Task :capacitor-geolocation:mergeDebugConsumerProguardFiles UP-TO-DATE
> Task :capacitor-geolocation:prepareDebugArtProfile UP-TO-DATE
> Task :capacitor-geolocation:prepareLintJarForPublish UP-TO-DATE
> Task :capacitor-geolocation:mergeDebugJavaResource UP-TO-DATE
> Task :capacitor-geolocation:syncDebugLibJars UP-TO-DATE
> Task :capacitor-geolocation:bundleDebugAar UP-TO-DATE
> Task :capacitor-geolocation:assembleDebug UP-TO-DATE
> Task :capgo-capacitor-pedometer:stripDebugDebugSymbols NO-SOURCE
> Task :capgo-capacitor-pedometer:copyDebugJniLibsProjectAndLocalJars UP-TO-DATE
> Task :capgo-capacitor-pedometer:extractDebugAnnotations UP-TO-DATE
> Task :capgo-capacitor-pedometer:extractDeepLinksForAarDebug UP-TO-DATE
> Task :capgo-capacitor-pedometer:mergeDebugGeneratedProguardFiles UP-TO-DATE
> Task :capgo-capacitor-pedometer:mergeDebugConsumerProguardFiles UP-TO-DATE
> Task :capgo-capacitor-pedometer:prepareDebugArtProfile UP-TO-DATE
> Task :capgo-capacitor-pedometer:prepareLintJarForPublish UP-TO-DATE
> Task :capgo-capacitor-pedometer:mergeDebugJavaResource UP-TO-DATE
> Task :capgo-capacitor-pedometer:syncDebugLibJars UP-TO-DATE
> Task :capgo-capacitor-pedometer:bundleDebugAar UP-TO-DATE
> Task :capgo-capacitor-pedometer:assembleDebug UP-TO-DATE
> Task :capacitor-cordova-android-plugins:mergeDebugJavaResource
> Task :capacitor-cordova-android-plugins:syncDebugLibJars
> Task :capacitor-cordova-android-plugins:bundleDebugAar
> Task :capacitor-cordova-android-plugins:assembleDebug
> Task :app:packageDebug
> Task :app:createDebugApkListingFileRedirect UP-TO-DATE
> Task :app:assembleDebug

BUILD SUCCESSFUL in 2m 55s
144 actionable tasks: 25 executed, 119 up-to-date
